0 info it worked if it ends with ok
1 verbose cli [ '/Users/darienlombardi/.nvm/versions/node/v5.0.0/bin/node',
1 verbose cli   '/Users/darienlombardi/.nvm/versions/node/v5.0.0/bin/npm',
1 verbose cli   'start' ]
2 info using npm@3.3.6
3 info using node@v5.0.0
4 verbose run-script [ 'prestart', 'start', 'poststart' ]
5 info lifecycle playlist@0.0.0~prestart: playlist@0.0.0
6 silly lifecycle playlist@0.0.0~prestart: no script for prestart, continuing
7 info lifecycle playlist@0.0.0~start: playlist@0.0.0
8 verbose lifecycle playlist@0.0.0~start: unsafe-perm in lifecycle true
9 verbose lifecycle playlist@0.0.0~start: PATH: /Users/darienlombardi/.nvm/versions/node/v5.0.0/lib/node_modules/npm/bin/node-gyp-bin:/Users/darienlombardi/Code/react/React_GraphQL_Template/node_modules/.bin:/Users/darienlombardi/.nvm/versions/node/v5.0.0/bin:/usr/local/bin/mongo:/usr/local/bin:/usr/bin:/bin:/usr/sbin:/sbin:/usr/local/git/bin
10 verbose lifecycle playlist@0.0.0~start: CWD: /Users/darienlombardi/Code/react/React_GraphQL_Template
11 silly lifecycle playlist@0.0.0~start: Args: [ '-c', 'babel-node --presets es2015 app.js' ]
12 silly lifecycle playlist@0.0.0~start: Returned: code: 1  signal: null
13 info lifecycle playlist@0.0.0~start: Failed to exec start script
14 verbose stack Error: playlist@0.0.0 start: `babel-node --presets es2015 app.js`
14 verbose stack Exit status 1
14 verbose stack     at EventEmitter.<anonymous> (/Users/darienlombardi/.nvm/versions/node/v5.0.0/lib/node_modules/npm/lib/utils/lifecycle.js:233:16)
14 verbose stack     at emitTwo (events.js:87:13)
14 verbose stack     at EventEmitter.emit (events.js:172:7)
14 verbose stack     at ChildProcess.<anonymous> (/Users/darienlombardi/.nvm/versions/node/v5.0.0/lib/node_modules/npm/lib/utils/spawn.js:24:14)
14 verbose stack     at emitTwo (events.js:87:13)
14 verbose stack     at ChildProcess.emit (events.js:172:7)
14 verbose stack     at maybeClose (internal/child_process.js:818:16)
14 verbose stack     at Process.ChildProcess._handle.onexit (internal/child_process.js:211:5)
15 verbose pkgid playlist@0.0.0
16 verbose cwd /Users/darienlombardi/Code/react/React_GraphQL_Template
17 error Darwin 14.5.0
18 error argv "/Users/darienlombardi/.nvm/versions/node/v5.0.0/bin/node" "/Users/darienlombardi/.nvm/versions/node/v5.0.0/bin/npm" "start"
19 error node v5.0.0
20 error npm  v3.3.6
21 error code ELIFECYCLE
22 error playlist@0.0.0 start: `babel-node --presets es2015 app.js`
22 error Exit status 1
23 error Failed at the playlist@0.0.0 start script 'babel-node --presets es2015 app.js'.
23 error This is most likely a problem with the playlist package,
23 error not with npm itself.
23 error Tell the author that this fails on your system:
23 error     babel-node --presets es2015 app.js
23 error You can get their info via:
23 error     npm owner ls playlist
23 error There is likely additional logging output above.
24 verbose exit [ 1, true ]
